[INFO  - 2018-04-03T07:37:17.065Z] GhostDriver - Main - running on port 5205
[INFO  - 2018-04-03T07:37:17.839Z] Session [d5ecae70-3711-11e8-9b5f-e1cde92fc34a] - page.settings - {"XSSAuditingEnabled":false,"javascriptCanCloseWindows":true,"javascriptCanOpenWindows":true,"javascriptEnabled":true,"loadImages":true,"localToRemoteUrlAccessEnabled":false,"userAgent":"Mozilla/5.0 (Windows NT 6.1; WOW64) AppleWebKit/538.1 (KHTML, like Gecko) PhantomJS/2.1.1 Safari/538.1","webSecurityEnabled":true}
[INFO  - 2018-04-03T07:37:17.839Z] Session [d5ecae70-3711-11e8-9b5f-e1cde92fc34a] - page.customHeaders:  - {}
[INFO  - 2018-04-03T07:37:17.839Z] Session [d5ecae70-3711-11e8-9b5f-e1cde92fc34a] - Session.negotiatedCapabilities - {"browserName":"phantomjs","version":"2.1.1","driverName":"ghostdriver","driverVersion":"1.2.0","platform":"windows-7-32bit","javascriptEnabled":true,"takesScreenshot":true,"handlesAlerts":false,"databaseEnabled":false,"locationContextEnabled":false,"applicationCacheEnabled":false,"browserConnectionEnabled":false,"cssSelectorsEnabled":true,"webStorageEnabled":false,"rotatable":false,"acceptSslCerts":false,"nativeEvents":true,"proxy":{"proxyType":"direct"}}
[INFO  - 2018-04-03T07:37:17.841Z] SessionManagerReqHand - _postNewSessionCommand - New Session Created: d5ecae70-3711-11e8-9b5f-e1cde92fc34a
[ERROR - 2018-04-03T07:37:18.136Z] WebElementLocator - _handleLocateCommand - Element(s) NOT Found: GAVE UP. Search Stop Time: 1522741038078
[INFO  - 2018-04-03T07:42:17.063Z] SessionManagerReqHand - _cleanupWindowlessSessions - Asynchronous Sessions clean-up phase starting NOW
[INFO  - 2018-04-03T07:47:17.068Z] SessionManagerReqHand - _cleanupWindowlessSessions - Asynchronous Sessions clean-up phase starting NOW
[INFO  - 2018-04-03T07:52:17.067Z] SessionManagerReqHand - _cleanupWindowlessSessions - Asynchronous Sessions clean-up phase starting NOW
[INFO  - 2018-04-03T07:57:17.035Z] SessionManagerReqHand - _cleanupWindowlessSessions - Asynchronous Sessions clean-up phase starting NOW
2-11e8-85e6-ddb6af84262e] - page.customHeaders:  - {}
[INFO  - 2018-04-03T07:39:04.396Z] Session [15702450-3712-11e8-85e6-ddb6af84262e] - Session.negotiatedCapabilities - {"browserName":"phantomjs","version":"2.1.1","driverName":"ghostdriver","driverVersion":"1.2.0","platform":"windows-7-32bit","javascriptEnabled":true,"takesScreenshot":true,"handlesAlerts":false,"databaseEnabled":false,"locationContextEnabled":false,"applicationCacheEnabled":false,"browserConnectionEnabled":false,"cssSelectorsEnabled":true,"webStorageEnabled":false,"rotatable":false,"acceptSslCerts":false,"nativeEvents":true,"proxy":{"proxyType":"direct"}}
[INFO  - 2018-04-03T07:39:04.396Z] SessionManagerReqHand - _postNewSessionCommand - New Session Created: 15702450-3712-11e8-85e6-ddb6af84262e
[ERROR - 2018-04-03T07:39:04.695Z] WebElementLocator - _handleLocateCommand - Element(s) NOT Found: GAVE UP. Search Stop Time: 1522741144629
[INFO  - 2018-04-03T07:44:03.639Z] SessionManagerReqHand - _cleanupWindowlessSessions - Asynchronous Sessions clean-up phase starting NOW
[INFO  - 2018-04-03T07:49:03.639Z] SessionManagerReqHand - _cleanupWindowlessSessions - Asynchronous Sessions clean-up phase starting NOW
[INFO  - 2018-04-03T07:54:03.608Z] SessionManagerReqHand - _cleanupWindowlessSessions - Asynchronous Sessions clean-up phase starting NOW
[INFO  - 2018-04-03T07:59:03.606Z] SessionManagerReqHand - _cleanupWindowlessSessions - Asynchronous Sessions clean-up phase starting NOW
2-11e8-9324-0b3678df168e] - page.customHeaders:  - {}
[INFO  - 2018-04-03T07:40:06.226Z] Session [3a4aa6b0-3712-11e8-9324-0b3678df168e] - Session.negotiatedCapabilities - {"browserName":"phantomjs","version":"2.1.1","driverName":"ghostdriver","driverVersion":"1.2.0","platform":"windows-7-32bit","javascriptEnabled":true,"takesScreenshot":true,"handlesAlerts":false,"databaseEnabled":false,"locationContextEnabled":false,"applicationCacheEnabled":false,"browserConnectionEnabled":false,"cssSelectorsEnabled":true,"webStorageEnabled":false,"rotatable":false,"acceptSslCerts":false,"nativeEvents":true,"proxy":{"proxyType":"direct"}}
[INFO  - 2018-04-03T07:40:06.226Z] SessionManagerReqHand - _postNewSessionCommand - New Session Created: 3a4aa6b0-3712-11e8-9324-0b3678df168e
[INFO  - 2018-04-03T07:45:05.452Z] SessionManagerReqHand - _cleanupWindowlessSessions - Asynchronous Sessions clean-up phase starting NOW
[INFO  - 2018-04-03T07:50:05.462Z] SessionManagerReqHand - _cleanupWindowlessSessions - Asynchronous Sessions clean-up phase starting NOW
[INFO  - 2018-04-03T07:55:05.432Z] SessionManagerReqHand - _cleanupWindowlessSessions - Asynchronous Sessions clean-up phase starting NOW
[INFO  - 2018-04-03T08:00:05.477Z] SessionManagerReqHand - _cleanupWindowlessSessions - Asynchronous Sessions clean-up phase starting NOW
